Build started 09/12/2014 12:53:33.
     1>Project "C:\Users\Emma\Desktop\Deasc III\Deasc II\TCD\4th year\CS4052 - Computer Graphics\assignments_visual_studio\assignment_5\assignment_0\assignment_0.vcxproj" on node 2 (Build target(s)).
     1>ClCompile:
         C:\Program Files (x86)\Microsoft Visual Studio 11.0\VC\bin\CL.exe /c /I..\..\libs\include\ /ZI /nologo /W3 /WX- /Od /Oy- /D SFML_STATIC /D _MBCS /D _MBCS /Gm /EHsc /RTC1 /MDd /GS /fp:precise /Zc:wchar_t /Zc:forScope /Fo"Debug\\" /Fd"Debug\vc110.pdb" /Gd /TP /analyze- /errorReport:prompt main.cpp
         main.cpp
     1>c:\users\emma\desktop\deasc iii\deasc ii\tcd\4th year\cs4052 - computer graphics\assignments_visual_studio\libs\include\maths_funcs.h(493): warning C4244: 'return' : conversion from 'double' to 'float', possible loss of data
     1>c:\users\emma\desktop\deasc iii\deasc ii\tcd\4th year\cs4052 - computer graphics\assignments_visual_studio\libs\include\maths_funcs.h(497): warning C4244: 'initializing' : conversion from 'double' to 'float', possible loss of data
     1>c:\users\emma\desktop\deasc iii\deasc ii\tcd\4th year\cs4052 - computer graphics\assignments_visual_studio\libs\include\maths_funcs.h(692): warning C4244: 'initializing' : conversion from 'double' to 'float', possible loss of data
     1>c:\users\emma\desktop\deasc iii\deasc ii\tcd\4th year\cs4052 - computer graphics\assignments_visual_studio\libs\include\maths_funcs.h(704): warning C4244: 'initializing' : conversion from 'double' to 'float', possible loss of data
     1>c:\users\emma\desktop\deasc iii\deasc ii\tcd\4th year\cs4052 - computer graphics\assignments_visual_studio\libs\include\maths_funcs.h(716): warning C4244: 'initializing' : conversion from 'double' to 'float', possible loss of data
     1>c:\users\emma\desktop\deasc iii\deasc ii\tcd\4th year\cs4052 - computer graphics\assignments_visual_studio\libs\include\maths_funcs.h(764): warning C4244: 'initializing' : conversion from 'double' to 'float', possible loss of data
     1>c:\users\emma\desktop\deasc iii\deasc ii\tcd\4th year\cs4052 - computer graphics\assignments_visual_studio\libs\include\maths_funcs.h(781): warning C4244: '=' : conversion from 'double' to 'float', possible loss of data
     1>c:\users\emma\desktop\deasc iii\deasc ii\tcd\4th year\cs4052 - computer graphics\assignments_visual_studio\libs\include\maths_funcs.h(782): warning C4244: '=' : conversion from 'double' to 'float', possible loss of data
     1>c:\users\emma\desktop\deasc iii\deasc ii\tcd\4th year\cs4052 - computer graphics\assignments_visual_studio\libs\include\maths_funcs.h(783): warning C4244: '=' : conversion from 'double' to 'float', possible loss of data
     1>c:\users\emma\desktop\deasc iii\deasc ii\tcd\4th year\cs4052 - computer graphics\assignments_visual_studio\libs\include\maths_funcs.h(784): warning C4244: '=' : conversion from 'double' to 'float', possible loss of data
     1>c:\users\emma\desktop\deasc iii\deasc ii\tcd\4th year\cs4052 - computer graphics\assignments_visual_studio\libs\include\maths_funcs.h(789): warning C4244: 'argument' : conversion from 'double' to 'float', possible loss of data
     1>c:\users\emma\desktop\deasc iii\deasc ii\tcd\4th year\cs4052 - computer graphics\assignments_visual_studio\assignment_5\assignment_0\main.cpp(180): warning C4996: 'fopen': This function or variable may be unsafe. Consider using fopen_s instead. To disable deprecation, use _CRT_SECURE_NO_WARNINGS. See online help for details.
                 c:\program files (x86)\microsoft visual studio 11.0\vc\include\stdio.h(218) : see declaration of 'fopen'
     1>c:\users\emma\desktop\deasc iii\deasc ii\tcd\4th year\cs4052 - computer graphics\assignments_visual_studio\assignment_5\assignment_0\main.cpp(189): warning C4996: 'strcpy': This function or variable may be unsafe. Consider using strcpy_s instead. To disable deprecation, use _CRT_SECURE_NO_WARNINGS. See online help for details.
                 c:\program files (x86)\microsoft visual studio 11.0\vc\include\string.h(110) : see declaration of 'strcpy'
     1>c:\users\emma\desktop\deasc iii\deasc ii\tcd\4th year\cs4052 - computer graphics\assignments_visual_studio\assignment_5\assignment_0\main.cpp(199): warning C4996: 'strcat': This function or variable may be unsafe. Consider using strcat_s instead. To disable deprecation, use _CRT_SECURE_NO_WARNINGS. See online help for details.
                 c:\program files (x86)\microsoft visual studio 11.0\vc\include\string.h(115) : see declaration of 'strcat'
     1>c:\users\emma\desktop\deasc iii\deasc ii\tcd\4th year\cs4052 - computer graphics\assignments_visual_studio\assignment_5\assignment_0\main.cpp(398): warning C4244: 'argument' : conversion from 'double' to 'float', possible loss of data
     1>c:\users\emma\desktop\deasc iii\deasc ii\tcd\4th year\cs4052 - computer graphics\assignments_visual_studio\assignment_5\assignment_0\main.cpp(429): warning C4305: 'argument' : truncation from 'double' to 'float'
     1>c:\users\emma\desktop\deasc iii\deasc ii\tcd\4th year\cs4052 - computer graphics\assignments_visual_studio\assignment_5\assignment_0\main.cpp(429): warning C4244: 'argument' : conversion from 'int' to 'float', possible loss of data
     1>c:\users\emma\desktop\deasc iii\deasc ii\tcd\4th year\cs4052 - computer graphics\assignments_visual_studio\assignment_5\assignment_0\main.cpp(431): warning C4305: 'argument' : truncation from 'double' to 'float'
     1>c:\users\emma\desktop\deasc iii\deasc ii\tcd\4th year\cs4052 - computer graphics\assignments_visual_studio\assignment_5\assignment_0\main.cpp(431): warning C4244: 'argument' : conversion from 'int' to 'float', possible loss of data
     1>c:\users\emma\desktop\deasc iii\deasc ii\tcd\4th year\cs4052 - computer graphics\assignments_visual_studio\assignment_5\assignment_0\main.cpp(537): warning C4305: '+=' : truncation from 'double' to 'float'
     1>c:\users\emma\desktop\deasc iii\deasc ii\tcd\4th year\cs4052 - computer graphics\assignments_visual_studio\assignment_5\assignment_0\main.cpp(560): warning C4244: 'argument' : conversion from 'double' to 'float', possible loss of data
     1>c:\users\emma\desktop\deasc iii\deasc ii\tcd\4th year\cs4052 - computer graphics\assignments_visual_studio\assignment_5\assignment_0\main.cpp(561): warning C4244: 'argument' : conversion from 'double' to 'float', possible loss of data
     1>c:\users\emma\desktop\deasc iii\deasc ii\tcd\4th year\cs4052 - computer graphics\assignments_visual_studio\assignment_5\assignment_0\main.cpp(575): warning C4305: '+=' : truncation from 'double' to 'float'
     1>c:\users\emma\desktop\deasc iii\deasc ii\tcd\4th year\cs4052 - computer graphics\assignments_visual_studio\assignment_5\assignment_0\main.cpp(595): warning C4305: 'argument' : truncation from 'double' to 'float'
     1>c:\users\emma\desktop\deasc iii\deasc ii\tcd\4th year\cs4052 - computer graphics\assignments_visual_studio\assignment_5\assignment_0\main.cpp(608): warning C4244: 'initializing' : conversion from 'int' to 'float', possible loss of data
     1>c:\users\emma\desktop\deasc iii\deasc ii\tcd\4th year\cs4052 - computer graphics\assignments_visual_studio\assignment_5\assignment_0\main.cpp(609): warning C4244: 'initializing' : conversion from 'int' to 'float', possible loss of data
     1>c:\users\emma\desktop\deasc iii\deasc ii\tcd\4th year\cs4052 - computer graphics\assignments_visual_studio\assignment_5\assignment_0\main.cpp(610): warning C4244: 'initializing' : conversion from 'int' to 'float', possible loss of data
     1>c:\users\emma\desktop\deasc iii\deasc ii\tcd\4th year\cs4052 - computer graphics\assignments_visual_studio\assignment_5\assignment_0\main.cpp(615): warning C4244: 'initializing' : conversion from 'int' to 'float', possible loss of data
     1>c:\users\emma\desktop\deasc iii\deasc ii\tcd\4th year\cs4052 - computer graphics\assignments_visual_studio\assignment_5\assignment_0\main.cpp(616): warning C4244: 'initializing' : conversion from 'int' to 'float', possible loss of data
     1>c:\users\emma\desktop\deasc iii\deasc ii\tcd\4th year\cs4052 - computer graphics\assignments_visual_studio\assignment_5\assignment_0\main.cpp(617): warning C4244: 'initializing' : conversion from 'int' to 'float', possible loss of data
     1>c:\users\emma\desktop\deasc iii\deasc ii\tcd\4th year\cs4052 - computer graphics\assignments_visual_studio\assignment_5\assignment_0\main.cpp(644): warning C4996: 'sprintf': This function or variable may be unsafe. Consider using sprintf_s instead. To disable deprecation, use _CRT_SECURE_NO_WARNINGS. See online help for details.
                 c:\program files (x86)\microsoft visual studio 11.0\vc\include\stdio.h(357) : see declaration of 'sprintf'
     1>c:\users\emma\desktop\deasc iii\deasc ii\tcd\4th year\cs4052 - computer graphics\assignments_visual_studio\assignment_5\assignment_0\main.cpp(646): warning C4996: 'sprintf': This function or variable may be unsafe. Consider using sprintf_s instead. To disable deprecation, use _CRT_SECURE_NO_WARNINGS. See online help for details.
                 c:\program files (x86)\microsoft visual studio 11.0\vc\include\stdio.h(357) : see declaration of 'sprintf'
     1>c:\users\emma\desktop\deasc iii\deasc ii\tcd\4th year\cs4052 - computer graphics\assignments_visual_studio\assignment_5\assignment_0\main.cpp(650): warning C4996: 'sprintf': This function or variable may be unsafe. Consider using sprintf_s instead. To disable deprecation, use _CRT_SECURE_NO_WARNINGS. See online help for details.
                 c:\program files (x86)\microsoft visual studio 11.0\vc\include\stdio.h(357) : see declaration of 'sprintf'
     1>c:\users\emma\desktop\deasc iii\deasc ii\tcd\4th year\cs4052 - computer graphics\assignments_visual_studio\assignment_5\assignment_0\main.cpp(654): warning C4996: 'sprintf': This function or variable may be unsafe. Consider using sprintf_s instead. To disable deprecation, use _CRT_SECURE_NO_WARNINGS. See online help for details.
                 c:\program files (x86)\microsoft visual studio 11.0\vc\include\stdio.h(357) : see declaration of 'sprintf'
     1>c:\users\emma\desktop\deasc iii\deasc ii\tcd\4th year\cs4052 - computer graphics\assignments_visual_studio\assignment_5\assignment_0\main.cpp(658): warning C4996: 'sprintf': This function or variable may be unsafe. Consider using sprintf_s instead. To disable deprecation, use _CRT_SECURE_NO_WARNINGS. See online help for details.
                 c:\program files (x86)\microsoft visual studio 11.0\vc\include\stdio.h(357) : see declaration of 'sprintf'
     1>c:\users\emma\desktop\deasc iii\deasc ii\tcd\4th year\cs4052 - computer graphics\assignments_visual_studio\assignment_5\assignment_0\main.cpp(662): warning C4996: 'sprintf': This function or variable may be unsafe. Consider using sprintf_s instead. To disable deprecation, use _CRT_SECURE_NO_WARNINGS. See online help for details.
                 c:\program files (x86)\microsoft visual studio 11.0\vc\include\stdio.h(357) : see declaration of 'sprintf'
     1>c:\users\emma\desktop\deasc iii\deasc ii\tcd\4th year\cs4052 - computer graphics\assignments_visual_studio\assignment_5\assignment_0\main.cpp(692): warning C4305: 'argument' : truncation from 'double' to 'float'
     1>c:\users\emma\desktop\deasc iii\deasc ii\tcd\4th year\cs4052 - computer graphics\assignments_visual_studio\assignment_5\assignment_0\main.cpp(692): warning C4244: 'argument' : conversion from 'int' to 'float', possible loss of data
     1>c:\users\emma\desktop\deasc iii\deasc ii\tcd\4th year\cs4052 - computer graphics\assignments_visual_studio\assignment_5\assignment_0\main.cpp(702): warning C4996: 'sprintf': This function or variable may be unsafe. Consider using sprintf_s instead. To disable deprecation, use _CRT_SECURE_NO_WARNINGS. See online help for details.
                 c:\program files (x86)\microsoft visual studio 11.0\vc\include\stdio.h(357) : see declaration of 'sprintf'
     1>c:\users\emma\desktop\deasc iii\deasc ii\tcd\4th year\cs4052 - computer graphics\assignments_visual_studio\assignment_5\assignment_0\main.cpp(706): warning C4996: 'sprintf': This function or variable may be unsafe. Consider using sprintf_s instead. To disable deprecation, use _CRT_SECURE_NO_WARNINGS. See online help for details.
                 c:\program files (x86)\microsoft visual studio 11.0\vc\include\stdio.h(357) : see declaration of 'sprintf'
     1>c:\users\emma\desktop\deasc iii\deasc ii\tcd\4th year\cs4052 - computer graphics\assignments_visual_studio\assignment_5\assignment_0\main.cpp(708): warning C4996: 'sprintf': This function or variable may be unsafe. Consider using sprintf_s instead. To disable deprecation, use _CRT_SECURE_NO_WARNINGS. See online help for details.
                 c:\program files (x86)\microsoft visual studio 11.0\vc\include\stdio.h(357) : see declaration of 'sprintf'
     1>c:\users\emma\desktop\deasc iii\deasc ii\tcd\4th year\cs4052 - computer graphics\assignments_visual_studio\assignment_5\assignment_0\main.cpp(710): warning C4996: 'sprintf': This function or variable may be unsafe. Consider using sprintf_s instead. To disable deprecation, use _CRT_SECURE_NO_WARNINGS. See online help for details.
                 c:\program files (x86)\microsoft visual studio 11.0\vc\include\stdio.h(357) : see declaration of 'sprintf'
     1>c:\users\emma\desktop\deasc iii\deasc ii\tcd\4th year\cs4052 - computer graphics\assignments_visual_studio\assignment_5\assignment_0\main.cpp(752): warning C4244: 'argument' : conversion from 'int' to 'float', possible loss of data
     1>c:\users\emma\desktop\deasc iii\deasc ii\tcd\4th year\cs4052 - computer graphics\assignments_visual_studio\assignment_5\assignment_0\main.cpp(770): warning C4305: '+=' : truncation from 'double' to 'float'
     1>c:\users\emma\desktop\deasc iii\deasc ii\tcd\4th year\cs4052 - computer graphics\assignments_visual_studio\assignment_5\assignment_0\main.cpp(773): warning C4305: '-=' : truncation from 'double' to 'float'
     1>c:\users\emma\desktop\deasc iii\deasc ii\tcd\4th year\cs4052 - computer graphics\assignments_visual_studio\assignment_5\assignment_0\main.cpp(783): warning C4244: '+=' : conversion from 'double' to 'float', possible loss of data
     1>c:\users\emma\desktop\deasc iii\deasc ii\tcd\4th year\cs4052 - computer graphics\assignments_visual_studio\assignment_5\assignment_0\main.cpp(784): warning C4244: '+=' : conversion from 'double' to 'float', possible loss of data
     1>c:\users\emma\desktop\deasc iii\deasc ii\tcd\4th year\cs4052 - computer graphics\assignments_visual_studio\assignment_5\assignment_0\main.cpp(800): warning C4305: 'argument' : truncation from 'double' to 'float'
     1>c:\users\emma\desktop\deasc iii\deasc ii\tcd\4th year\cs4052 - computer graphics\assignments_visual_studio\assignment_5\assignment_0\main.cpp(803): warning C4305: 'argument' : truncation from 'double' to 'float'
     1>c:\users\emma\desktop\deasc iii\deasc ii\tcd\4th year\cs4052 - computer graphics\assignments_visual_studio\assignment_5\assignment_0\main.cpp(803): warning C4244: 'argument' : conversion from 'int' to 'float', possible loss of data
     1>c:\users\emma\desktop\deasc iii\deasc ii\tcd\4th year\cs4052 - computer graphics\assignments_visual_studio\assignment_5\assignment_0\main.cpp(811): warning C4305: 'argument' : truncation from 'double' to 'float'
     1>c:\users\emma\desktop\deasc iii\deasc ii\tcd\4th year\cs4052 - computer graphics\assignments_visual_studio\assignment_5\assignment_0\main.cpp(811): warning C4244: 'argument' : conversion from 'int' to 'float', possible loss of data
       Link:
         C:\Program Files (x86)\Microsoft Visual Studio 11.0\VC\bin\link.exe /ERRORREPORT:PROMPT /OUT:"C:\Users\Emma\Desktop\Deasc III\Deasc II\TCD\4th year\CS4052 - Computer Graphics\assignments_visual_studio\assignment_5\Debug\assignment_0.exe" /INCREMENTAL /NOLOGO /LIBPATH:..\..\libs "sfml-main-d.lib" "sfml-system-s-d.lib" "sfml-audio-s-d.lib" glfw3.lib glew32.lib opengl32.lib kernel32.lib user32.lib gdi32.lib winspool.lib comdlg32.lib advapi32.lib shell32.lib ole32.lib oleaut32.lib uuid.lib odbc32.lib odbccp32.lib kernel32.lib user32.lib gdi32.lib winspool.lib comdlg32.lib advapi32.lib shell32.lib ole32.lib oleaut32.lib uuid.lib odbc32.lib odbccp32.lib /MANIFEST /MANIFESTUAC:"level='asInvoker' uiAccess='false'" /manifest:embed /DEBUG /PDB:"C:\Users\Emma\Desktop\Deasc III\Deasc II\TCD\4th year\CS4052 - Computer Graphics\assignments_visual_studio\assignment_5\Debug\assignment_0.pdb" /TLBID:1 /DYNAMICBASE /NXCOMPAT /IMPLIB:"C:\Users\Emma\Desktop\Deasc III\Deasc II\TCD\4th year\CS4052 - Computer Graphics\assignments_visual_studio\assignment_5\Debug\assignment_0.lib" /MACHINE:X86 Debug\main.obj
         Debug\obj_parser.obj
         Debug\text.obj
         assignment_0.vcxproj -> C:\Users\Emma\Desktop\Deasc III\Deasc II\TCD\4th year\CS4052 - Computer Graphics\assignments_visual_studio\assignment_5\Debug\assignment_0.exe
     1>Done Building Project "C:\Users\Emma\Desktop\Deasc III\Deasc II\TCD\4th year\CS4052 - Computer Graphics\assignments_visual_studio\assignment_5\assignment_0\assignment_0.vcxproj" (Build target(s)).

Build succeeded.

Time Elapsed 00:00:02.79
