Build started 06/12/2014 14:34:21.
     1>Project "C:\Users\Emma\Desktop\Deasc III\Deasc II\TCD\4th year\CS4052 - Computer Graphics\assignments_visual_studio\assignment_5\assignment_0\assignment_0.vcxproj" on node 2 (Build target(s)).
     1>ClCompile:
         C:\Program Files (x86)\Microsoft Visual Studio 11.0\VC\bin\CL.exe /c /Zi /nologo /W3 /WX- /O2 /Oi /Oy- /GL /D _MBCS /Gm- /EHsc /MD /GS /Gy /fp:precise /Zc:wchar_t /Zc:forScope /Fo"Release\\" /Fd"Release\vc110.pdb" /Gd /TP /analyze- /errorReport:prompt main.cpp obj_parser.cpp text.cpp
         main.cpp
     1>main.cpp(1): fatal error C1083: Cannot open include file: 'maths_funcs.h': No such file or directory
         obj_parser.cpp
     1>obj_parser.cpp(38): warning C4996: 'fopen': This function or variable may be unsafe. Consider using fopen_s instead. To disable deprecation, use _CRT_SECURE_NO_WARNINGS. See online help for details.
                 C:\Program Files (x86)\Microsoft Visual Studio 11.0\VC\include\stdio.h(218) : see declaration of 'fopen'
     1>obj_parser.cpp(88): warning C4996: 'sscanf': This function or variable may be unsafe. Consider using sscanf_s instead. To disable deprecation, use _CRT_SECURE_NO_WARNINGS. See online help for details.
                 C:\Program Files (x86)\Microsoft Visual Studio 11.0\VC\include\stdio.h(311) : see declaration of 'sscanf'
     1>obj_parser.cpp(98): warning C4996: 'sscanf': This function or variable may be unsafe. Consider using sscanf_s instead. To disable deprecation, use _CRT_SECURE_NO_WARNINGS. See online help for details.
                 C:\Program Files (x86)\Microsoft Visual Studio 11.0\VC\include\stdio.h(311) : see declaration of 'sscanf'
     1>obj_parser.cpp(107): warning C4996: 'sscanf': This function or variable may be unsafe. Consider using sscanf_s instead. To disable deprecation, use _CRT_SECURE_NO_WARNINGS. See online help for details.
                 C:\Program Files (x86)\Microsoft Visual Studio 11.0\VC\include\stdio.h(311) : see declaration of 'sscanf'
     1>obj_parser.cpp(139): warning C4996: 'sscanf': This function or variable may be unsafe. Consider using sscanf_s instead. To disable deprecation, use _CRT_SECURE_NO_WARNINGS. See online help for details.
                 C:\Program Files (x86)\Microsoft Visual Studio 11.0\VC\include\stdio.h(311) : see declaration of 'sscanf'
         text.cpp
     1>c:\users\emma\desktop\deasc iii\deasc ii\tcd\4th year\cs4052 - computer graphics\assignments_visual_studio\assignment_5\assignment_0\text.h(23): fatal error C1083: Cannot open include file: 'GL/glew.h': No such file or directory
     1>Done Building Project "C:\Users\Emma\Desktop\Deasc III\Deasc II\TCD\4th year\CS4052 - Computer Graphics\assignments_visual_studio\assignment_5\assignment_0\assignment_0.vcxproj" (Build target(s)) -- FAILED.

Build FAILED.

Time Elapsed 00:00:00.41
